<?xml version="1.0" encoding="UTF-8"?>
<!-- Generated by org.testng.reporters.JUnitXMLReporter -->
<testsuite hostname="LAPTOP-GVJN114R" ignored="2" name="Surefire test" tests="6" failures="0" timestamp="2021-02-08T00:00:39 IST" time="260.244" errors="0">
  <testcase name="verifyHomePageTest" time="23.61" classname="com.crm.qa.testcases.HomePageTest"/>
  <testcase name="verifyLoggedInUserTest" time="2.977" classname="com.crm.qa.testcases.HomePageTest"/>
  <testcase name="clickContactsLinkTest" time="3.325" classname="com.crm.qa.testcases.HomePageTest"/>
  <testcase name="clickDealsLinkTest" time="1.987" classname="com.crm.qa.testcases.HomePageTest"/>
  <testcase name="loginPageTitleTest" time="0.053" classname="com.crm.qa.testcases.LoginPageTest"/>
  <testcase name="login" time="0.686" classname="com.crm.qa.testcases.LoginPageTest"/>
  <testcase name="verifyContactsPageTest" time="0.0" classname="com.crm.qa.testcases.ContactsPageTest">
    <ignored/>
  </testcase> <!-- verifyContactsPageTest -->
  <testcase name="selectContactCheckboxTest" time="0.0" classname="com.crm.qa.testcases.ContactsPageTest">
    <ignored/>
  </testcase> <!-- selectContactCheckboxTest -->
</testsuite> <!-- Surefire test -->
